<?xml version="1.0" encoding="UTF-8" ?>
<testsuite failures="0" time="0.037" errors="0" skipped="0" tests="1" name="jar.AppTest">
  <properties>
    <property name="java.runtime.name" value="Java(TM) SE Runtime Environment"/>
    <property name="sun.boot.library.path" value="C:\Oracle\Middleware\Oracle_Home\oracle_common\jdk\jre\bin"/>
    <property name="java.vm.version" value="24.51-b03"/>
    <property name="java.vm.vendor" value="Oracle Corporation"/>
    <property name="java.vendor.url" value="http://java.oracle.com/"/>
    <property name="path.separator" value=";"/>
    <property name="guice.disable.misplaced.annotation.check" value="true"/>
    <property name="java.vm.name" value="Java HotSpot(TM) 64-Bit Server VM"/>
    <property name="file.encoding.pkg" value="sun.io"/>
    <property name="user.script" value=""/>
    <property name="user.country" value="US"/>
    <property name="sun.java.launcher" value="SUN_STANDARD"/>
    <property name="sun.os.patch.level" value="Service Pack 1"/>
    <property name="java.vm.specification.name" value="Java Virtual Machine Specification"/>
    <property name="user.dir" value="C:\Users\Admin\maven_github\projects\new-app"/>
    <property name="java.runtime.version" value="1.7.0_51-b13"/>
    <property name="java.awt.graphicsenv" value="sun.awt.Win32GraphicsEnvironment"/>
    <property name="java.endorsed.dirs" value="C:\Oracle\Middleware\Oracle_Home\oracle_common\jdk\jre\lib\endorsed"/>
    <property name="os.arch" value="amd64"/>
    <property name="java.io.tmpdir" value="C:\Users\Admin\AppData\Local\Temp\"/>
    <property name="line.separator" value="
"/>
    <property name="java.vm.specification.vendor" value="Oracle Corporation"/>
    <property name="user.variant" value=""/>
    <property name="os.name" value="Windows 7"/>
    <property name="env.ORACLE_HOME" value="C:\Oracle\Middleware\Oracle_Home"/>
    <property name="classworlds.conf" value="C:\Oracle\Middleware\Oracle_Home\oracle_common\modules\org.apache.maven_3.0.5\bin\m2.conf"/>
    <property name="sun.jnu.encoding" value="Cp1252"/>
    <property name="java.library.path" value="C:\Oracle\Middleware\Oracle_Home\oracle_common\jdk\bin;C:\Windows\Sun\Java\bin;C:\Windows\system32;C:\Windows;C:\ProgramData\Oracle\Java\javapath;C:\Windows\system32;C:\Windows;C:\Windows\System32\Wbem;C:\Windows\System32\WindowsPowerShell\v1.0\;C:\Program Files\VisualSVN Server\bin;C:\Program Files\TortoiseSVN\bin;C:\Program Files\Git\cmd;%CATALINA_HOME%\bin;%M2_HOME%\bin;C:\HashiCorp\Vagrant\bin;C:\Ruby23\bin;C:\Program Files\DevopsTools\apache-ant-1.9.7\bin;C:\Progra~1\DevopsTools\apache-maven-3.3.9\bin;."/>
    <property name="java.specification.name" value="Java Platform API Specification"/>
    <property name="java.class.version" value="51.0"/>
    <property name="sun.management.compiler" value="HotSpot 64-Bit Tiered Compilers"/>
    <property name="os.version" value="6.1"/>
    <property name="user.home" value="C:\Users\Admin"/>
    <property name="user.timezone" value="America/Los_Angeles"/>
    <property name="java.awt.printerjob" value="sun.awt.windows.WPrinterJob"/>
    <property name="java.specification.version" value="1.7"/>
    <property name="file.encoding" value="Cp1252"/>
    <property name="user.name" value="Admin"/>
    <property name="java.class.path" value="C:\Oracle\Middleware\Oracle_Home\oracle_common\modules\org.apache.maven_3.0.5\boot\plexus-classworlds-2.4.jar;C:\Oracle\Middleware\Oracle_Home\oracle_common\modules\org.apache.maven_3.0.5\lib\wagon-provider-api-2.4.jar;C:\Oracle\Middleware\Oracle_Home\oracle_common\modules\org.apache.maven_3.0.5\lib\wagon-http-2.4-shaded.jar;C:\Oracle\Middleware\Oracle_Home\oracle_common\modules\org.apache.maven_3.0.5\lib\wagon-file-2.4.jar;C:\Oracle\Middleware\Oracle_Home\oracle_common\modules\org.apache.maven_3.0.5\lib\sisu-inject-plexus-2.3.0.jar;C:\Oracle\Middleware\Oracle_Home\oracle_common\modules\org.apache.maven_3.0.5\lib\sisu-inject-bean-2.3.0.jar;C:\Oracle\Middleware\Oracle_Home\oracle_common\modules\org.apache.maven_3.0.5\lib\sisu-guice-3.1.0-no_aop.jar;C:\Oracle\Middleware\Oracle_Home\oracle_common\modules\org.apache.maven_3.0.5\lib\sisu-guava-0.9.9.jar;C:\Oracle\Middleware\Oracle_Home\oracle_common\modules\org.apache.maven_3.0.5\lib\plexus-utils-2.0.6.jar;C:\Oracle\Middleware\Oracle_Home\oracle_common\modules\org.apache.maven_3.0.5\lib\plexus-sec-dispatcher-1.3.jar;C:\Oracle\Middleware\Oracle_Home\oracle_common\modules\org.apache.maven_3.0.5\lib\plexus-interpolation-1.14.jar;C:\Oracle\Middleware\Oracle_Home\oracle_common\modules\org.apache.maven_3.0.5\lib\plexus-component-annotations-1.5.5.jar;C:\Oracle\Middleware\Oracle_Home\oracle_common\modules\org.apache.maven_3.0.5\lib\plexus-cipher-1.7.jar;C:\Oracle\Middleware\Oracle_Home\oracle_common\modules\org.apache.maven_3.0.5\lib\maven-settings-builder-3.0.5.jar;C:\Oracle\Middleware\Oracle_Home\oracle_common\modules\org.apache.maven_3.0.5\lib\maven-settings-3.0.5.jar;C:\Oracle\Middleware\Oracle_Home\oracle_common\modules\org.apache.maven_3.0.5\lib\maven-repository-metadata-3.0.5.jar;C:\Oracle\Middleware\Oracle_Home\oracle_common\modules\org.apache.maven_3.0.5\lib\maven-plugin-api-3.0.5.jar;C:\Oracle\Middleware\Oracle_Home\oracle_common\modules\org.apache.maven_3.0.5\lib\maven-model-builder-3.0.5.jar;C:\Oracle\Middleware\Oracle_Home\oracle_common\modules\org.apache.maven_3.0.5\lib\maven-model-3.0.5.jar;C:\Oracle\Middleware\Oracle_Home\oracle_common\modules\org.apache.maven_3.0.5\lib\maven-embedder-3.0.5.jar;C:\Oracle\Middleware\Oracle_Home\oracle_common\modules\org.apache.maven_3.0.5\lib\maven-core-3.0.5.jar;C:\Oracle\Middleware\Oracle_Home\oracle_common\modules\org.apache.maven_3.0.5\lib\maven-compat-3.0.5.jar;C:\Oracle\Middleware\Oracle_Home\oracle_common\modules\org.apache.maven_3.0.5\lib\maven-artifact-3.0.5.jar;C:\Oracle\Middleware\Oracle_Home\oracle_common\modules\org.apache.maven_3.0.5\lib\maven-aether-provider-3.0.5.jar;C:\Oracle\Middleware\Oracle_Home\oracle_common\modules\org.apache.maven_3.0.5\lib\commons-cli-1.2.jar;C:\Oracle\Middleware\Oracle_Home\oracle_common\modules\org.apache.maven_3.0.5\lib\aether-util-1.13.1.jar;C:\Oracle\Middleware\Oracle_Home\oracle_common\modules\org.apache.maven_3.0.5\lib\aether-spi-1.13.1.jar;C:\Oracle\Middleware\Oracle_Home\oracle_common\modules\org.apache.maven_3.0.5\lib\aether-impl-1.13.1.jar;C:\Oracle\Middleware\Oracle_Home\oracle_common\modules\org.apache.maven_3.0.5\lib\aether-connector-wagon-1.13.1.jar;C:\Oracle\Middleware\Oracle_Home\oracle_common\modules\org.apache.maven_3.0.5\lib\aether-api-1.13.1.jar;"/>
    <property name="java.vm.specification.version" value="1.7"/>
    <property name="sun.arch.data.model" value="64"/>
    <property name="java.home" value="C:\Oracle\Middleware\Oracle_Home\oracle_common\jdk\jre"/>
    <property name="sun.java.command" value="org.codehaus.classworlds.Launcher --settings C:\Users\Admin\.m2\settings.xml --file C:\Users\Admin\maven_github\projects\new-app\pom.xml package -Denv.ORACLE_HOME=C:\Oracle\Middleware\Oracle_Home"/>
    <property name="java.specification.vendor" value="Oracle Corporation"/>
    <property name="user.language" value="en"/>
    <property name="awt.toolkit" value="sun.awt.windows.WToolkit"/>
    <property name="java.vm.info" value="mixed mode"/>
    <property name="java.version" value="1.7.0_51"/>
    <property name="java.ext.dirs" value="C:\Oracle\Middleware\Oracle_Home\oracle_common\jdk\jre\lib\ext;C:\Windows\Sun\Java\lib\ext"/>
    <property name="sun.boot.class.path" value="C:\Oracle\Middleware\Oracle_Home\oracle_common\jdk\jre\lib\resources.jar;C:\Oracle\Middleware\Oracle_Home\oracle_common\jdk\jre\lib\rt.jar;C:\Oracle\Middleware\Oracle_Home\oracle_common\jdk\jre\lib\sunrsasign.jar;C:\Oracle\Middleware\Oracle_Home\oracle_common\jdk\jre\lib\jsse.jar;C:\Oracle\Middleware\Oracle_Home\oracle_common\jdk\jre\lib\jce.jar;C:\Oracle\Middleware\Oracle_Home\oracle_common\jdk\jre\lib\charsets.jar;C:\Oracle\Middleware\Oracle_Home\oracle_common\jdk\jre\lib\jfr.jar;C:\Oracle\Middleware\Oracle_Home\oracle_common\jdk\jre\classes"/>
    <property name="java.vendor" value="Oracle Corporation"/>
    <property name="maven.home" value="C:\Oracle\Middleware\Oracle_Home\oracle_common\modules\org.apache.maven_3.0.5"/>
    <property name="file.separator" value="\"/>
    <property name="java.vendor.url.bug" value="http://bugreport.sun.com/bugreport/"/>
    <property name="sun.cpu.endian" value="little"/>
    <property name="sun.io.unicode.encoding" value="UnicodeLittle"/>
    <property name="sun.desktop" value="windows"/>
    <property name="sun.cpu.isalist" value="amd64"/>
  </properties>
  <testcase time="0.002" classname="jar.AppTest" name="testApp"/>
</testsuite>